<?xml version="1.0" encoding="UTF-8"?>
<testng-results ignored="3" total="5" passed="2" failed="0" skipped="0">
  <reporter-output>
  </reporter-output>
  <suite started-at="2024-12-13T16:14:42Z" name="Regression Suite: Contains generally all the blocker test cases" finished-at="2024-12-13T16:14:59Z" duration-ms="16931">
    <groups>
      <group name="regression">
        <method signature="SecuredMobilityCreateStudent.CreateStudentTestCase()[pri:0, instance:org.example.testscripts.SecuredMobilityCreateStudent@14555e0a]" name="CreateStudentTestCase" class="org.example.testscripts.SecuredMobilityCreateStudent"/>
      </group> <!-- regression -->
      <group name="smoke">
        <method signature="SecuredMobilityLogin.LoginTestCase()[pri:0, instance:org.example.testscripts.SecuredMobilityLogin@7a419da4]" name="LoginTestCase" class="org.example.testscripts.SecuredMobilityLogin"/>
      </group> <!-- smoke -->
    </groups>
    <test started-at="2024-12-13T16:14:42Z" name="SecuredMobility" finished-at="2024-12-13T16:14:59Z" duration-ms="16931">
      <class name="org.example.testscripts.SecuredMobilityLogin">
        <test-method is-config="true" signature="setUp()[pri:0, instance:org.example.testscripts.SecuredMobilityLogin@7a419da4]" started-at="2024-12-13T16:14:42Z" name="setUp" finished-at="2024-12-13T16:14:55Z" duration-ms="12831" status="PASS">
          <reporter-output>
          </reporter-output>
        </test-method> <!-- setUp -->
        <test-method signature="LoginTestCase()[pri:0, instance:org.example.testscripts.SecuredMobilityLogin@7a419da4]" started-at="2024-12-13T16:14:55Z" name="LoginTestCase" finished-at="2024-12-13T16:14:55Z" duration-ms="46" status="PASS">
          <reporter-output>
          </reporter-output>
        </test-method> <!-- LoginTestCase -->
        <test-method is-config="true" signature="afterSuite()[pri:0, instance:org.example.testscripts.SecuredMobilityLogin@7a419da4]" started-at="2024-12-13T16:14:58Z" name="afterSuite" finished-at="2024-12-13T16:14:59Z" duration-ms="633" status="PASS">
          <reporter-output>
          </reporter-output>
        </test-method> <!-- afterSuite -->
        <test-method is-config="true" signature="getRunDetail()[pri:0, instance:org.example.testscripts.SecuredMobilityLogin@7a419da4]" started-at="2024-12-13T16:14:59Z" name="getRunDetail" finished-at="2024-12-13T16:14:59Z" duration-ms="5" status="PASS">
          <reporter-output>
          </reporter-output>
        </test-method> <!-- getRunDetail -->
      </class> <!-- org.example.testscripts.SecuredMobilityLogin -->
      <class name="org.example.testscripts.SecuredMobilityCreateStudent">
        <test-method signature="CreateStudentTestCase()[pri:0, instance:org.example.testscripts.SecuredMobilityCreateStudent@14555e0a]" started-at="2024-12-13T16:14:55Z" name="CreateStudentTestCase" finished-at="2024-12-13T16:14:58Z" duration-ms="3443" status="PASS">
          <reporter-output>
          </reporter-output>
        </test-method> <!-- CreateStudentTestCase -->
      </class> <!-- org.example.testscripts.SecuredMobilityCreateStudent -->
    </test> <!-- SecuredMobility -->
  </suite> <!-- Regression Suite: Contains generally all the blocker test cases -->
</testng-results>
