<?xml version="1.0" encoding="UTF-8"?>
<testsuite xmlns:xsi="http://www.w3.org/2001/XMLSchema-instance" xsi:noNamespaceSchemaLocation="https://maven.apache.org/surefire/maven-surefire-plugin/xsd/surefire-test-report.xsd" name="TestSuite" time="17.531" tests="2" errors="0" skipped="0" failures="0">
  <properties>
[...]
</properties>
  <testcase name="LoginTestCase" classname="org.example.testscripts.SecuredMobilityLogin" time="0.063"/>
  <testcase name="CreateStudentTestCase" classname="org.example.testscripts.SecuredMobilityCreateStudent" time="3.402"/>
</testsuite>