<?xml version="1.0" encoding="UTF-8"?>
<testng-results ignored="3" total="5" passed="2" failed="0" skipped="0">
  <reporter-output>
  </reporter-output>
  <suite started-at="2024-12-13T12:33:02Z" name="Regression Suite: Contains generally all the blocker test cases" finished-at="2024-12-13T12:33:20Z" duration-ms="17318">
    <groups>
      <group name="regression">
        <method signature="SecuredMobilityCreateStudent.CreateStudentTestCase()[pri:0, instance:org.example.testscripts.SecuredMobilityCreateStudent@bae7dc0]" name="CreateStudentTestCase" class="org.example.testscripts.SecuredMobilityCreateStudent"/>
      </group> <!-- regression -->
      <group name="smoke">
        <method signature="SecuredMobilityLogin.LoginTestCase()[pri:0, instance:org.example.testscripts.SecuredMobilityLogin@4f2b503c]" name="LoginTestCase" class="org.example.testscripts.SecuredMobilityLogin"/>
      </group> <!-- smoke -->
    </groups>
    <test started-at="2024-12-13T12:33:02Z" name="SecuredMobility" finished-at="2024-12-13T12:33:20Z" duration-ms="17318">
      <class name="org.example.testscripts.SecuredMobilityLogin">
        <test-method is-config="true" signature="setUp()[pri:0, instance:org.example.testscripts.SecuredMobilityLogin@4f2b503c]" started-at="2024-12-13T12:33:02Z" name="setUp" finished-at="2024-12-13T12:33:14Z" duration-ms="12208" status="PASS">
          <reporter-output>
          </reporter-output>
        </test-method> <!-- setUp -->
        <test-method signature="LoginTestCase()[pri:0, instance:org.example.testscripts.SecuredMobilityLogin@4f2b503c]" started-at="2024-12-13T12:33:15Z" name="LoginTestCase" finished-at="2024-12-13T12:33:15Z" duration-ms="55" status="PASS">
          <reporter-output>
          </reporter-output>
        </test-method> <!-- LoginTestCase -->
        <test-method is-config="true" signature="afterSuite()[pri:0, instance:org.example.testscripts.SecuredMobilityLogin@4f2b503c]" started-at="2024-12-13T12:33:18Z" name="afterSuite" finished-at="2024-12-13T12:33:20Z" duration-ms="1264" status="PASS">
          <reporter-output>
          </reporter-output>
        </test-method> <!-- afterSuite -->
        <test-method is-config="true" signature="getRunDetail()[pri:0, instance:org.example.testscripts.SecuredMobilityLogin@4f2b503c]" started-at="2024-12-13T12:33:20Z" name="getRunDetail" finished-at="2024-12-13T12:33:20Z" duration-ms="5" status="PASS">
          <reporter-output>
          </reporter-output>
        </test-method> <!-- getRunDetail -->
      </class> <!-- org.example.testscripts.SecuredMobilityLogin -->
      <class name="org.example.testscripts.SecuredMobilityCreateStudent">
        <test-method signature="CreateStudentTestCase()[pri:0, instance:org.example.testscripts.SecuredMobilityCreateStudent@bae7dc0]" started-at="2024-12-13T12:33:15Z" name="CreateStudentTestCase" finished-at="2024-12-13T12:33:18Z" duration-ms="3823" status="PASS">
          <reporter-output>
          </reporter-output>
        </test-method> <!-- CreateStudentTestCase -->
      </class> <!-- org.example.testscripts.SecuredMobilityCreateStudent -->
    </test> <!-- SecuredMobility -->
  </suite> <!-- Regression Suite: Contains generally all the blocker test cases -->
</testng-results>
